<?xml version="1.0" encoding="UTF-8"?>
<!-- Generated by org.testng.reporters.JUnitXMLReporter -->
<testsuite hostname="rasta" name="Default test" tests="2" failures="0" timestamp="18 Jul 2017 03:21:08 GMT" time="35.306" errors="0">
  <testcase name="postJSONBody" time="35.274" classname="com.myrbshoeresttests.tests.RestTest_5ResponseInDiffWays"/>
  <testcase name="postJSONBody" time="35.274" classname="com.myrbshoeresttests.tests.RestTest_5ResponseInDiffWays"/>
</testsuite> <!-- Default test -->
