<?xml version="1.0" encoding="UTF-8"?>
<testng-results skipped="0" failed="0" total="1" passed="1">
  <reporter-output>
  </reporter-output>
  <suite name="Default suite" duration-ms="35306" started-at="2017-07-18T03:20:33Z" finished-at="2017-07-18T03:21:08Z">
    <groups>
    </groups>
    <test name="Default test" duration-ms="35306" started-at="2017-07-18T03:20:33Z" finished-at="2017-07-18T03:21:08Z">
      <class name="com.myrbshoeresttests.tests.RestTest_5ResponseInDiffWays">
        <test-method status="PASS" signature="postJSONBody()[pri:0, instance:com.myrbshoeresttests.tests.RestTest_5ResponseInDiffWays@3159c4b8]" name="postJSONBody" duration-ms="35274" started-at="2017-07-17T23:20:33Z" finished-at="2017-07-17T23:21:08Z">
          <reporter-output>
          </reporter-output>
        </test-method> <!-- postJSONBody -->
      </class> <!-- com.myrbshoeresttests.tests.RestTest_5ResponseInDiffWays -->
    </test> <!-- Default test -->
  </suite> <!-- Default suite -->
</testng-results>
