<?xml version="1.0" encoding="UTF-8"?>
<testng-results skipped="0" failed="0" total="1" passed="1">
  <reporter-output>
  </reporter-output>
  <suite name="Default suite" duration-ms="3375" started-at="2017-07-17T21:11:03Z" finished-at="2017-07-17T21:11:07Z">
    <groups>
    </groups>
    <test name="Default test" duration-ms="3375" started-at="2017-07-17T21:11:03Z" finished-at="2017-07-17T21:11:07Z">
      <class name="com.myrbshoeresttests.tests.Test_REST_BasicFeatures">
        <test-method status="PASS" signature="configuration()[pri:0, instance:com.myrbshoeresttests.tests.Test_REST_BasicFeatures@3327bd23]" name="configuration" is-config="true" duration-ms="500" started-at="2017-07-17T17:11:03Z" finished-at="2017-07-17T17:11:03Z">
          <reporter-output>
          </reporter-output>
        </test-method> <!-- configuration -->
        <test-method status="PASS" signature="testWithRoot()[pri:0, instance:com.myrbshoeresttests.tests.Test_REST_BasicFeatures@3327bd23]" name="testWithRoot" duration-ms="3352" started-at="2017-07-17T17:11:03Z" finished-at="2017-07-17T17:11:07Z">
          <reporter-output>
          </reporter-output>
        </test-method> <!-- testWithRoot -->
      </class> <!-- com.myrbshoeresttests.tests.Test_REST_BasicFeatures -->
    </test> <!-- Default test -->
  </suite> <!-- Default suite -->
</testng-results>
