<?xml version="1.0" encoding="UTF-8"?>
<!-- Generated by org.testng.reporters.JUnitXMLReporter -->
<testsuite hostname="rasta" name="ParallelTestFireFox" tests="3" failures="1" timestamp="18 Jun 2017 16:15:30 GMT" time="40.834" errors="0">
  <testcase name="isShoeBlurbAvailable" time="3.576" classname="com.myrbshoetests.tests.ShoeBlurbAvailableTest"/>
  <testcase name="isShoeBlurbAvailable" time="1.853" classname="com.myrbshoetests.tests.ShoeBlurbAvailableTest"/>
  <testcase name="isShoeBlurbAvailable" time="15.475" classname="com.myrbshoetests.tests.ShoeBlurbAvailableTest">
    <failure type="java.lang.AssertionError" message="The shoe information blurb is not available. expected [true] but found [false]">
      <![CDATA[java.lang.AssertionError: The shoe information blurb is not available. expected [true] but found [false]
	at com.myrbshoetests.tests.ShoeBlurbAvailableTest.isShoeBlurbAvailable(ShoeBlurbAvailableTest.java:18)
	at java.util.concurrent.ThreadPoolExecutor.runWorker(ThreadPoolExecutor.java:1142)
	at java.util.concurrent.ThreadPoolExecutor$Worker.run(ThreadPoolExecutor.java:617)
	at java.lang.Thread.run(Thread.java:745)
... Removed 13 stack frames]]>
    </failure>
  </testcase> <!-- isShoeBlurbAvailable -->
</testsuite> <!-- ParallelTestFireFox -->
