<?xml version="1.0" encoding="UTF-8"?>
<!-- Generated by org.testng.reporters.JUnitXMLReporter -->
<testsuite hostname="rasta" name="ParallelTestEdge" tests="3" failures="1" timestamp="19 Jun 2017 19:50:08 GMT" time="38.631" errors="0">
  <testcase name="isShoePriceAvailable" time="3.365" classname="com.myrbshoetests.tests.ShoePriceAvailableTest"/>
  <testcase name="isShoePriceAvailable" time="1.967" classname="com.myrbshoetests.tests.ShoePriceAvailableTest"/>
  <testcase name="isShoePriceAvailable" time="15.856" classname="com.myrbshoetests.tests.ShoePriceAvailableTest">
    <failure type="java.lang.AssertionError" message="The shoe price is not available. expected [true] but found [false]">
      <![CDATA[java.lang.AssertionError: The shoe price is not available. expected [true] but found [false]
	at com.myrbshoetests.tests.ShoePriceAvailableTest.isShoePriceAvailable(ShoePriceAvailableTest.java:18)
	at java.util.concurrent.FutureTask.run(FutureTask.java:266)
	at java.util.concurrent.ThreadPoolExecutor.runWorker(ThreadPoolExecutor.java:1142)
	at java.util.concurrent.ThreadPoolExecutor$Worker.run(ThreadPoolExecutor.java:617)
	at java.lang.Thread.run(Thread.java:745)
... Removed 19 stack frames]]>
    </failure>
  </testcase> <!-- isShoePriceAvailable -->
</testsuite> <!-- ParallelTestEdge -->
