<?xml version="1.0" encoding="UTF-8"?>
<!-- Generated by org.testng.reporters.JUnitXMLReporter -->
<testsuite hostname="rasta" name="ParallelTestFireFox" tests="3" failures="1" timestamp="19 Jun 2017 19:50:14 GMT" time="43.937" errors="0">
  <testcase name="isShoeBlurbAvailable" time="4.194" classname="com.myrbshoetests.tests.ShoeBlurbAvailableTest"/>
  <testcase name="isShoeBlurbAvailable" time="2.095" classname="com.myrbshoetests.tests.ShoeBlurbAvailableTest"/>
  <testcase name="isShoeBlurbAvailable" time="15.517" classname="com.myrbshoetests.tests.ShoeBlurbAvailableTest">
    <failure type="java.lang.AssertionError" message="The shoe information blurb is not available. expected [true] but found [false]">
      <![CDATA[java.lang.AssertionError: The shoe information blurb is not available. expected [true] but found [false]
	at com.myrbshoetests.tests.ShoeBlurbAvailableTest.isShoeBlurbAvailable(ShoeBlurbAvailableTest.java:18)
	at java.util.concurrent.FutureTask.run(FutureTask.java:266)
	at java.util.concurrent.ThreadPoolExecutor.runWorker(ThreadPoolExecutor.java:1142)
	at java.util.concurrent.ThreadPoolExecutor$Worker.run(ThreadPoolExecutor.java:617)
	at java.lang.Thread.run(Thread.java:745)
... Removed 19 stack frames]]>
    </failure>
  </testcase> <!-- isShoeBlurbAvailable -->
</testsuite> <!-- ParallelTestFireFox -->
