<?xml version="1.0" encoding="UTF-8"?>
<!-- Generated by org.testng.reporters.JUnitXMLReporter -->
<testsuite hostname="rasta" name="ParallelTestChrome" tests="3" failures="1" timestamp="19 Jun 2017 19:50:10 GMT" time="40.213" errors="0">
  <testcase name="isShoePictureAvailable" time="5.215" classname="com.myrbshoetests.tests.ShoePictureAvailableTest"/>
  <testcase name="isShoePictureAvailable" time="2.733" classname="com.myrbshoetests.tests.ShoePictureAvailableTest"/>
  <testcase name="isShoePictureAvailable" time="15.698" classname="com.myrbshoetests.tests.ShoePictureAvailableTest">
    <failure type="java.lang.AssertionError" message="The shoe picture is not available. expected [true] but found [false]">
      <![CDATA[java.lang.AssertionError: The shoe picture is not available. expected [true] but found [false]
	at com.myrbshoetests.tests.ShoePictureAvailableTest.isShoePictureAvailable(ShoePictureAvailableTest.java:18)
	at java.util.concurrent.FutureTask.run(FutureTask.java:266)
	at java.util.concurrent.ThreadPoolExecutor.runWorker(ThreadPoolExecutor.java:1142)
	at java.util.concurrent.ThreadPoolExecutor$Worker.run(ThreadPoolExecutor.java:617)
	at java.lang.Thread.run(Thread.java:745)
... Removed 19 stack frames]]>
    </failure>
  </testcase> <!-- isShoePictureAvailable -->
</testsuite> <!-- ParallelTestChrome -->
